

Started GET "/" for 127.0.0.1 at Mon Jul 04 09:06:59 +1000 2011

Mysql2::Error (Can't connect to local MySQL server through socket '/opt/local/var/run/mysql5/mysqld.sock' (2)):
  

Rendered /opt/local/lib/ruby/gems/1.8/gems/actionpack-3.0.5/lib/action_dispatch/middleware/templates/rescues/_trace.erb (1.3ms)
Rendered /opt/local/lib/ruby/gems/1.8/gems/actionpack-3.0.5/lib/action_dispatch/middleware/templates/rescues/_request_and_response.erb (15.5ms)
Rendered /opt/local/lib/ruby/gems/1.8/gems/actionpack-3.0.5/lib/action_dispatch/middleware/templates/rescues/diagnostics.erb within rescues/layout (44.8ms)


Started GET "/" for 127.0.0.1 at Mon Jul 04 09:07:00 +1000 2011

Mysql2::Error (Can't connect to local MySQL server through socket '/opt/local/var/run/mysql5/mysqld.sock' (2)):
  

Rendered /opt/local/lib/ruby/gems/1.8/gems/actionpack-3.0.5/lib/action_dispatch/middleware/templates/rescues/_trace.erb (1.2ms)
Rendered /opt/local/lib/ruby/gems/1.8/gems/actionpack-3.0.5/lib/action_dispatch/middleware/templates/rescues/_request_and_response.erb (1.6ms)
Rendered /opt/local/lib/ruby/gems/1.8/gems/actionpack-3.0.5/lib/action_dispatch/middleware/templates/rescues/diagnostics.erb within rescues/layout (8.0ms)


Started GET "/" for 127.0.0.1 at Mon Jul 04 09:07:02 +1000 2011

Mysql2::Error (Can't connect to local MySQL server through socket '/opt/local/var/run/mysql5/mysqld.sock' (2)):
  

Rendered /opt/local/lib/ruby/gems/1.8/gems/actionpack-3.0.5/lib/action_dispatch/middleware/templates/rescues/_trace.erb (1.2ms)
Rendered /opt/local/lib/ruby/gems/1.8/gems/actionpack-3.0.5/lib/action_dispatch/middleware/templates/rescues/_request_and_response.erb (1.6ms)
Rendered /opt/local/lib/ruby/gems/1.8/gems/actionpack-3.0.5/lib/action_dispatch/middleware/templates/rescues/diagnostics.erb within rescues/layout (8.0ms)


Started GET "/" for 127.0.0.1 at Mon Jul 04 09:07:35 +1000 2011
  Processing by DashboardController#index as HTML
Completed   in 45ms

ActionView::MissingTemplate (Missing template dashboard/index with {:locale=>[:en, :en], :handlers=>[:rxml, :builder, :erb, :rjs, :rhtml], :formats=>[:html]} in view paths "/Users/ben/Documents/dev/tempcontrol/tempcontrol-rails/app/views"):
  

Rendered /opt/local/lib/ruby/gems/1.8/gems/actionpack-3.0.5/lib/action_dispatch/middleware/templates/rescues/missing_template.erb within rescues/layout (0.8ms)


Started GET "/" for 127.0.0.1 at Mon Jul 04 09:08:17 +1000 2011
  Processing by DashboardController#index as HTML
Rendered dashboard/index within layouts/application (1.9ms)
Completed 200 OK in 9ms (Views: 8.7ms | ActiveRecord: 0.0ms)


Started GET "/" for 127.0.0.1 at Mon Jul 04 09:12:58 +1000 2011
  Processing by DashboardController#index as HTML
  [1m[36mSQL (19.9ms)[0m  [1mSHOW TABLES[0m
  [1m[35mTemperatures Load (40.0ms)[0m  SELECT `temperatures`.* FROM `temperatures` WHERE `temperatures`.`probe_name` = 'Probe 1' ORDER BY tstamp DESC LIMIT 1
Rendered dashboard/index within layouts/application (54.5ms)
Completed   in 327ms

ActionView::Template::Error (undefined local variable or method `last_temperature' for #<#<Class:0x103fd95b8>:0x103fd39d8>):
    1: <body>
    2: Hi
    3: <%= last_temperature.value %>
    4: </body>
  app/views/dashboard/index:3:in `_app_views_dashboard_index___1412639575_2180943420_0'

Rendered /opt/local/lib/ruby/gems/1.8/gems/actionpack-3.0.5/lib/action_dispatch/middleware/templates/rescues/_trace.erb (1.2ms)
Rendered /opt/local/lib/ruby/gems/1.8/gems/actionpack-3.0.5/lib/action_dispatch/middleware/templates/rescues/_request_and_response.erb (5.4ms)
Rendered /opt/local/lib/ruby/gems/1.8/gems/actionpack-3.0.5/lib/action_dispatch/middleware/templates/rescues/template_error.erb within rescues/layout (12.1ms)


Started GET "/" for 127.0.0.1 at Mon Jul 04 09:13:12 +1000 2011
  Processing by DashboardController#index as HTML
  [1m[36mSQL (0.5ms)[0m  [1mSHOW TABLES[0m
  [1m[35mTemperatures Load (4.6ms)[0m  SELECT `temperatures`.* FROM `temperatures` WHERE `temperatures`.`probe_name` = 'Probe 1' ORDER BY tstamp DESC LIMIT 1
Rendered dashboard/index within layouts/application (11.3ms)
Completed   in 55ms

ActionView::Template::Error (undefined local variable or method `value' for #<ActiveRecord::Relation:0x103fdc650>):
    1: <body>
    2: Hi
    3: <%= @last_temperature.value %>
    4: </body>
  app/views/dashboard/index:3:in `_app_views_dashboard_index___1412639575_2180943400_0'

Rendered /opt/local/lib/ruby/gems/1.8/gems/actionpack-3.0.5/lib/action_dispatch/middleware/templates/rescues/_trace.erb (1.3ms)
Rendered /opt/local/lib/ruby/gems/1.8/gems/actionpack-3.0.5/lib/action_dispatch/middleware/templates/rescues/_request_and_response.erb (5.0ms)
Rendered /opt/local/lib/ruby/gems/1.8/gems/actionpack-3.0.5/lib/action_dispatch/middleware/templates/rescues/template_error.erb within rescues/layout (69.0ms)


Started GET "/" for 127.0.0.1 at Mon Jul 04 09:13:32 +1000 2011
  Processing by DashboardController#index as HTML
  [1m[36mSQL (0.6ms)[0m  [1mSHOW TABLES[0m
Completed   in 35ms

ActiveRecord::RecordNotFound (Couldn't find Temperatures without an ID):
  app/controllers/dashboard_controller.rb:3:in `index'

Rendered /opt/local/lib/ruby/gems/1.8/gems/actionpack-3.0.5/lib/action_dispatch/middleware/templates/rescues/_trace.erb (1.1ms)
Rendered /opt/local/lib/ruby/gems/1.8/gems/actionpack-3.0.5/lib/action_dispatch/middleware/templates/rescues/_request_and_response.erb (62.7ms)
Rendered /opt/local/lib/ruby/gems/1.8/gems/actionpack-3.0.5/lib/action_dispatch/middleware/templates/rescues/diagnostics.erb within rescues/layout (69.2ms)


Started GET "/" for 127.0.0.1 at Mon Jul 04 09:13:52 +1000 2011
  Processing by DashboardController#index as HTML
Completed   in 7ms

ActiveRecord::RecordNotFound (Couldn't find Temperatures without an ID):
  app/controllers/dashboard_controller.rb:3:in `index'

Rendered /opt/local/lib/ruby/gems/1.8/gems/actionpack-3.0.5/lib/action_dispatch/middleware/templates/rescues/_trace.erb (1.2ms)
Rendered /opt/local/lib/ruby/gems/1.8/gems/actionpack-3.0.5/lib/action_dispatch/middleware/templates/rescues/_request_and_response.erb (4.6ms)
Rendered /opt/local/lib/ruby/gems/1.8/gems/actionpack-3.0.5/lib/action_dispatch/middleware/templates/rescues/diagnostics.erb within rescues/layout (11.2ms)


Started GET "/" for 127.0.0.1 at Mon Jul 04 09:14:09 +1000 2011
  Processing by DashboardController#index as HTML
  [1m[36mSQL (0.5ms)[0m  [1mSHOW TABLES[0m
  [1m[35mTemperatures Load (38.7ms)[0m  SELECT `temperatures`.* FROM `temperatures` WHERE `temperatures`.`probe_name` = 'Probe 1' ORDER BY temperatures.id DESC LIMIT 1
Rendered dashboard/index within layouts/application (8.4ms)
Completed 200 OK in 92ms (Views: 16.9ms | ActiveRecord: 39.2ms)


Started GET "/" for 127.0.0.1 at Mon Jul 04 09:24:07 +1000 2011
  Processing by DashboardController#index as HTML
  [1m[36mSQL (0.5ms)[0m  [1mSHOW TABLES[0m
  [1m[35mTemperatures Load (1.3ms)[0m  SELECT `temperatures`.* FROM `temperatures` WHERE `temperatures`.`probe_name` = 'Probe 1' ORDER BY temperatures.id DESC LIMIT 1
Completed   in 80ms

TypeError (can't convert String into Integer):
  app/controllers/dashboard_controller.rb:4:in `[]='
  app/controllers/dashboard_controller.rb:4:in `index'

Rendered /opt/local/lib/ruby/gems/1.8/gems/actionpack-3.0.5/lib/action_dispatch/middleware/templates/rescues/_trace.erb (1.1ms)
Rendered /opt/local/lib/ruby/gems/1.8/gems/actionpack-3.0.5/lib/action_dispatch/middleware/templates/rescues/_request_and_response.erb (62.4ms)
Rendered /opt/local/lib/ruby/gems/1.8/gems/actionpack-3.0.5/lib/action_dispatch/middleware/templates/rescues/diagnostics.erb within rescues/layout (69.1ms)


Started GET "/" for 127.0.0.1 at Mon Jul 04 09:35:24 +1000 2011

SyntaxError (/Users/ben/Documents/dev/tempcontrol/tempcontrol-rails/app/controllers/dashboard_controller.rb:4: syntax error, unexpected '{', expecting kEND
    @last_temperature{"probe_1"} = Temperatures.wher...
                      ^
/Users/ben/Documents/dev/tempcontrol/tempcontrol-rails/app/controllers/dashboard_controller.rb:4: syntax error, unexpected '}', expecting kEND
...  @last_temperature{"probe_1"} = Temperatures.where(:probe_n...
                              ^
/Users/ben/Documents/dev/tempcontrol/tempcontrol-rails/app/controllers/dashboard_controller.rb:5: syntax error, unexpected '{', expecting kEND
    @last_temperature{"probe_2"} = Temperatures.wher...
                      ^
/Users/ben/Documents/dev/tempcontrol/tempcontrol-rails/app/controllers/dashboard_controller.rb:5: syntax error, unexpected '}', expecting kEND
...  @last_temperature{"probe_2"} = Temperatures.where(:probe_n...
                              ^
/Users/ben/Documents/dev/tempcontrol/tempcontrol-rails/app/controllers/dashboard_controller.rb:6: syntax error, unexpected '{', expecting kEND
    @last_temperature{"probe_3"} = Temperatures.wher...
                      ^
/Users/ben/Documents/dev/tempcontrol/tempcontrol-rails/app/controllers/dashboard_controller.rb:6: syntax error, unexpected '}', expecting kEND
...  @last_temperature{"probe_3"} = Temperatures.where(:probe_n...
                              ^):
  

Rendered /opt/local/lib/ruby/gems/1.8/gems/actionpack-3.0.5/lib/action_dispatch/middleware/templates/rescues/_trace.erb (1.2ms)
Rendered /opt/local/lib/ruby/gems/1.8/gems/actionpack-3.0.5/lib/action_dispatch/middleware/templates/rescues/_request_and_response.erb (2.3ms)
Rendered /opt/local/lib/ruby/gems/1.8/gems/actionpack-3.0.5/lib/action_dispatch/middleware/templates/rescues/diagnostics.erb within rescues/layout (9.4ms)


Started GET "/" for 127.0.0.1 at Mon Jul 04 09:35:42 +1000 2011
  Processing by DashboardController#index as HTML
  [1m[36mTemperatures Load (47.0ms)[0m  [1mSELECT `temperatures`.* FROM `temperatures` WHERE `temperatures`.`probe_name` = 'Probe 1' ORDER BY temperatures.id DESC LIMIT 1[0m
  [1m[35mTemperatures Load (0.3ms)[0m  SELECT `temperatures`.* FROM `temperatures` WHERE `temperatures`.`probe_name` = 'Probe 2' ORDER BY temperatures.id DESC LIMIT 1
  [1m[36mTemperatures Load (3.8ms)[0m  [1mSELECT `temperatures`.* FROM `temperatures` WHERE `temperatures`.`probe_name` = 'Probe 3' ORDER BY temperatures.id DESC LIMIT 1[0m
Rendered dashboard/index within layouts/application (37.9ms)
Completed   in 107ms

ActionView::Template::Error (undefined method `value' for nil:NilClass):
    17: Ambient<br/>
    18: <div class="temp" id="temp_probe_3">
    19: Last Temp:<br/>
    20: <%= @last_temperature["probe_3"].value %>
    21: </div>
    22: </div>
    23: <div id="stage">
  app/views/dashboard/index:20:in `_app_views_dashboard_index___1412639575_2182621700_0'

Rendered /opt/local/lib/ruby/gems/1.8/gems/actionpack-3.0.5/lib/action_dispatch/middleware/templates/rescues/_trace.erb (1.2ms)
Rendered /opt/local/lib/ruby/gems/1.8/gems/actionpack-3.0.5/lib/action_dispatch/middleware/templates/rescues/_request_and_response.erb (5.4ms)
Rendered /opt/local/lib/ruby/gems/1.8/gems/actionpack-3.0.5/lib/action_dispatch/middleware/templates/rescues/template_error.erb within rescues/layout (12.2ms)


Started GET "/" for 127.0.0.1 at Mon Jul 04 09:36:56 +1000 2011
  Processing by DashboardController#index as HTML
  [1m[35mTemperatures Load (43.1ms)[0m  SELECT `temperatures`.* FROM `temperatures` WHERE `temperatures`.`probe_name` = 'Probe 1' ORDER BY temperatures.id DESC LIMIT 1
  [1m[36mTemperatures Load (0.5ms)[0m  [1mSELECT `temperatures`.* FROM `temperatures` WHERE `temperatures`.`probe_name` = 'Probe 2' ORDER BY temperatures.id DESC LIMIT 1[0m
  [1m[35mTemperatures Load (3.8ms)[0m  SELECT `temperatures`.* FROM `temperatures` WHERE `temperatures`.`probe_name` = 'Probe 3' ORDER BY temperatures.id DESC LIMIT 1
Rendered dashboard/index.html.erb within layouts/application (5.5ms)
Completed   in 70ms

ActionView::Template::Error (undefined method `value' for nil:NilClass):
    17: Ambient<br/>
    18: <div class="temp" id="temp_probe_3">
    19: Last Temp:<br/>
    20: <%= @last_temperature["probe_3"].value %>
    21: </div>
    22: </div>
    23: <div id="stage">
  app/views/dashboard/index.html.erb:20:in `_app_views_dashboard_index_html_erb__2102913081_2181262820_0'

Rendered /opt/local/lib/ruby/gems/1.8/gems/actionpack-3.0.5/lib/action_dispatch/middleware/templates/rescues/_trace.erb (1.3ms)
Rendered /opt/local/lib/ruby/gems/1.8/gems/actionpack-3.0.5/lib/action_dispatch/middleware/templates/rescues/_request_and_response.erb (5.8ms)
Rendered /opt/local/lib/ruby/gems/1.8/gems/actionpack-3.0.5/lib/action_dispatch/middleware/templates/rescues/template_error.erb within rescues/layout (13.2ms)


Started GET "/" for 127.0.0.1 at Mon Jul 04 09:37:04 +1000 2011
  Processing by DashboardController#index as HTML
  [1m[36mTemperatures Load (48.0ms)[0m  [1mSELECT `temperatures`.* FROM `temperatures` WHERE `temperatures`.`probe_name` = 'Probe 1' ORDER BY temperatures.id DESC LIMIT 1[0m
  [1m[35mTemperatures Load (0.4ms)[0m  SELECT `temperatures`.* FROM `temperatures` WHERE `temperatures`.`probe_name` = 'Probe 2' ORDER BY temperatures.id DESC LIMIT 1
  [1m[36mTemperatures Load (4.8ms)[0m  [1mSELECT `temperatures`.* FROM `temperatures` WHERE `temperatures`.`probe_name` = 'Probe 3' ORDER BY temperatures.id DESC LIMIT 1[0m
ERROR: compiling _app_views_dashboard_index_html_erb__2102913081_2183385520_0 RAISED compile error
/Users/ben/Documents/dev/tempcontrol/tempcontrol-rails/app/views/dashboard/index.html.erb:22: unknown regexp options - dv
/Users/ben/Documents/dev/tempcontrol/tempcontrol-rails/app/views/dashboard/index.html.erb:23: syntax error, unexpected '<'
<div id="stage">
 ^
/Users/ben/Documents/dev/tempcontrol/tempcontrol-rails/app/views/dashboard/index.html.erb:24: syntax error, unexpected tIDENTIFIER, expecting kDO or '{' or '('
Current stage: inactive
             ^
/Users/ben/Documents/dev/tempcontrol/tempcontrol-rails/app/views/dashboard/index.html.erb:26: unknown regexp options - bdy
/Users/ben/Documents/dev/tempcontrol/tempcontrol-rails/app/views/dashboard/index.html.erb:27: unterminated string meets end of file
/Users/ben/Documents/dev/tempcontrol/tempcontrol-rails/app/views/dashboard/index.html.erb:27: syntax error, unexpected $end, expecting ')'
Function body:           def _app_views_dashboard_index_html_erb__2102913081_2183385520_0(local_assigns)
            _old_virtual_path, @_virtual_path = @_virtual_path, "dashboard/index";_old_output_buffer = @output_buffer;;@output_buffer = ActionView::OutputBuffer.new;@output_buffer.safe_concat('Hi
<div class="zone" id="hlt">
HLT
<div class="temp" id="temp_probe_1">
Last Temp:<br/>
');@output_buffer.append= ( @last_temperature["probe_1"].value );@output_buffer.safe_concat('
');@output_buffer.safe_concat('</div>
</div>
<div class="zone" id="mashtun">
Mash Tun
<div class="temp" id="temp_probe_2">
Last Temp:<br/>
');@output_buffer.append= ( @last_temperature["probe_2"].value );@output_buffer.safe_concat('
');@output_buffer.safe_concat('</div>
</div>
<div id="ambient">
Ambient<br/>
<div class="temp" id="temp_probe_3">
Last Temp:<br/>
');@output_buffer.append= ( #@last_temperature["probe_3"].value );@output_buffer.safe_concat('
');@output_buffer.safe_concat('</div>
</div>
<div id="stage">
Current stage: inactive
</div>
</body>
');@output_buffer.to_s
          ensure
            @_virtual_path, @output_buffer = _old_virtual_path, _old_output_buffer
          end
Backtrace: /Users/ben/Documents/dev/tempcontrol/tempcontrol-rails/app/views/dashboard/index.html.erb:27:in `compile'
/opt/local/lib/ruby/gems/1.8/gems/actionpack-3.0.5/lib/action_view/template.rb:134:in `render'
/opt/local/lib/ruby/gems/1.8/gems/activesupport-3.0.5/lib/active_support/notifications.rb:54:in `instrument'
/opt/local/lib/ruby/gems/1.8/gems/actionpack-3.0.5/lib/action_view/template.rb:127:in `render'
/opt/local/lib/ruby/gems/1.8/gems/actionpack-3.0.5/lib/action_view/render/rendering.rb:59:in `_render_template'
/opt/local/lib/ruby/gems/1.8/gems/activesupport-3.0.5/lib/active_support/notifications.rb:52:in `instrument'
/opt/local/lib/ruby/gems/1.8/gems/activesupport-3.0.5/lib/active_support/notifications/instrumenter.rb:21:in `instrument'
/opt/local/lib/ruby/gems/1.8/gems/activesupport-3.0.5/lib/active_support/notifications.rb:52:in `instrument'
/opt/local/lib/ruby/gems/1.8/gems/actionpack-3.0.5/lib/action_view/render/rendering.rb:56:in `_render_template'
/opt/local/lib/ruby/gems/1.8/gems/actionpack-3.0.5/lib/action_view/render/rendering.rb:26:in `render'
/opt/local/lib/ruby/gems/1.8/gems/actionpack-3.0.5/lib/abstract_controller/rendering.rb:115:in `_render_template'
/opt/local/lib/ruby/gems/1.8/gems/actionpack-3.0.5/lib/abstract_controller/rendering.rb:109:in `render_to_body'
/opt/local/lib/ruby/gems/1.8/gems/actionpack-3.0.5/lib/action_controller/metal/renderers.rb:47:in `render_to_body'
/opt/local/lib/ruby/gems/1.8/gems/actionpack-3.0.5/lib/action_controller/metal/compatibility.rb:55:in `render_to_body'
/opt/local/lib/ruby/gems/1.8/gems/actionpack-3.0.5/lib/abstract_controller/rendering.rb:102:in `render_to_string'
/opt/local/lib/ruby/gems/1.8/gems/actionpack-3.0.5/lib/abstract_controller/rendering.rb:93:in `render'
/opt/local/lib/ruby/gems/1.8/gems/actionpack-3.0.5/lib/action_controller/metal/rendering.rb:17:in `render'
/opt/local/lib/ruby/gems/1.8/gems/actionpack-3.0.5/lib/action_controller/metal/instrumentation.rb:40:in `render'
/opt/local/lib/ruby/gems/1.8/gems/activesupport-3.0.5/lib/active_support/core_ext/benchmark.rb:5:in `ms'
/opt/local/lib/ruby/1.8/benchmark.rb:308:in `realtime'
/opt/local/lib/ruby/gems/1.8/gems/activesupport-3.0.5/lib/active_support/core_ext/benchmark.rb:5:in `ms'
/opt/local/lib/ruby/gems/1.8/gems/actionpack-3.0.5/lib/action_controller/metal/instrumentation.rb:40:in `render'
/opt/local/lib/ruby/gems/1.8/gems/actionpack-3.0.5/lib/action_controller/metal/instrumentation.rb:78:in `cleanup_view_runtime'
/opt/local/lib/ruby/gems/1.8/gems/activerecord-3.0.5/lib/active_record/railties/controller_runtime.rb:15:in `cleanup_view_runtime'
/opt/local/lib/ruby/gems/1.8/gems/actionpack-3.0.5/lib/action_controller/metal/instrumentation.rb:39:in `render'
/opt/local/lib/ruby/gems/1.8/gems/actionpack-3.0.5/lib/action_controller/metal/implicit_render.rb:10:in `default_render'
/opt/local/lib/ruby/gems/1.8/gems/actionpack-3.0.5/lib/action_controller/metal/implicit_render.rb:5:in `send_action'
/opt/local/lib/ruby/gems/1.8/gems/actionpack-3.0.5/lib/abstract_controller/base.rb:150:in `process_action'
/opt/local/lib/ruby/gems/1.8/gems/actionpack-3.0.5/lib/action_controller/metal/rendering.rb:11:in `process_action'
/opt/local/lib/ruby/gems/1.8/gems/actionpack-3.0.5/lib/abstract_controller/callbacks.rb:18:in `process_action'
/opt/local/lib/ruby/gems/1.8/gems/activesupport-3.0.5/lib/active_support/callbacks.rb:435:in `_run__199081855__process_action__199225275__callbacks'
/opt/local/lib/ruby/gems/1.8/gems/activesupport-3.0.5/lib/active_support/callbacks.rb:409:in `send'
/opt/local/lib/ruby/gems/1.8/gems/activesupport-3.0.5/lib/active_support/callbacks.rb:409:in `_run_process_action_callbacks'
/opt/local/lib/ruby/gems/1.8/gems/activesupport-3.0.5/lib/active_support/callbacks.rb:93:in `send'
/opt/local/lib/ruby/gems/1.8/gems/activesupport-3.0.5/lib/active_support/callbacks.rb:93:in `run_callbacks'
/opt/local/lib/ruby/gems/1.8/gems/actionpack-3.0.5/lib/abstract_controller/callbacks.rb:17:in `process_action'
/opt/local/lib/ruby/gems/1.8/gems/actionpack-3.0.5/lib/action_controller/metal/instrumentation.rb:30:in `process_action'
/opt/local/lib/ruby/gems/1.8/gems/activesupport-3.0.5/lib/active_support/notifications.rb:52:in `instrument'
/opt/local/lib/ruby/gems/1.8/gems/activesupport-3.0.5/lib/active_support/notifications/instrumenter.rb:21:in `instrument'
/opt/local/lib/ruby/gems/1.8/gems/activesupport-3.0.5/lib/active_support/notifications.rb:52:in `instrument'
/opt/local/lib/ruby/gems/1.8/gems/actionpack-3.0.5/lib/action_controller/metal/instrumentation.rb:29:in `process_action'
/opt/local/lib/ruby/gems/1.8/gems/actionpack-3.0.5/lib/action_controller/metal/rescue.rb:17:in `process_action'
/opt/local/lib/ruby/gems/1.8/gems/actionpack-3.0.5/lib/abstract_controller/base.rb:119:in `process'
/opt/local/lib/ruby/gems/1.8/gems/actionpack-3.0.5/lib/abstract_controller/rendering.rb:41:in `process'
/opt/local/lib/ruby/gems/1.8/gems/actionpack-3.0.5/lib/action_controller/metal.rb:138:in `dispatch'
/opt/local/lib/ruby/gems/1.8/gems/actionpack-3.0.5/lib/action_controller/metal/rack_delegation.rb:14:in `dispatch'
/opt/local/lib/ruby/gems/1.8/gems/actionpack-3.0.5/lib/action_controller/metal.rb:178:in `action'
/opt/local/lib/ruby/gems/1.8/gems/actionpack-3.0.5/lib/action_dispatch/routing/route_set.rb:62:in `call'
/opt/local/lib/ruby/gems/1.8/gems/actionpack-3.0.5/lib/action_dispatch/routing/route_set.rb:62:in `dispatch'
/opt/local/lib/ruby/gems/1.8/gems/actionpack-3.0.5/lib/action_dispatch/routing/route_set.rb:27:in `call'
/opt/local/lib/ruby/gems/1.8/gems/rack-mount-0.6.13/lib/rack/mount/route_set.rb:148:in `call'
/opt/local/lib/ruby/gems/1.8/gems/rack-mount-0.6.13/lib/rack/mount/code_generation.rb:93:in `recognize'
/opt/local/lib/ruby/gems/1.8/gems/rack-mount-0.6.13/lib/rack/mount/code_generation.rb:68:in `optimized_each'
/opt/local/lib/ruby/gems/1.8/gems/rack-mount-0.6.13/lib/rack/mount/code_generation.rb:92:in `recognize'
/opt/local/lib/ruby/gems/1.8/gems/rack-mount-0.6.13/lib/rack/mount/route_set.rb:139:in `call'
/opt/local/lib/ruby/gems/1.8/gems/actionpack-3.0.5/lib/action_dispatch/routing/route_set.rb:492:in `call'
/opt/local/lib/ruby/gems/1.8/gems/actionpack-3.0.5/lib/action_dispatch/middleware/best_standards_support.rb:17:in `call'
/opt/local/lib/ruby/gems/1.8/gems/actionpack-3.0.5/lib/action_dispatch/middleware/head.rb:14:in `call'
/opt/local/lib/ruby/gems/1.8/gems/rack-1.2.1/lib/rack/methodoverride.rb:24:in `call'
/opt/local/lib/ruby/gems/1.8/gems/actionpack-3.0.5/lib/action_dispatch/middleware/params_parser.rb:21:in `call'
/opt/local/lib/ruby/gems/1.8/gems/actionpack-3.0.5/lib/action_dispatch/middleware/flash.rb:182:in `call'
/opt/local/lib/ruby/gems/1.8/gems/actionpack-3.0.5/lib/action_dispatch/middleware/session/abstract_store.rb:149:in `call'
/opt/local/lib/ruby/gems/1.8/gems/actionpack-3.0.5/lib/action_dispatch/middleware/cookies.rb:302:in `call'
/opt/local/lib/ruby/gems/1.8/gems/activerecord-3.0.5/lib/active_record/query_cache.rb:32:in `call'
/opt/local/lib/ruby/gems/1.8/gems/activerecord-3.0.5/lib/active_record/connection_adapters/abstract/query_cache.rb:28:in `cache'
/opt/local/lib/ruby/gems/1.8/gems/activerecord-3.0.5/lib/active_record/query_cache.rb:12:in `cache'
/opt/local/lib/ruby/gems/1.8/gems/activerecord-3.0.5/lib/active_record/query_cache.rb:31:in `call'
/opt/local/lib/ruby/gems/1.8/gems/activerecord-3.0.5/lib/active_record/connection_adapters/abstract/connection_pool.rb:354:in `call'
/opt/local/lib/ruby/gems/1.8/gems/actionpack-3.0.5/lib/action_dispatch/middleware/callbacks.rb:46:in `call'
/opt/local/lib/ruby/gems/1.8/gems/activesupport-3.0.5/lib/active_support/callbacks.rb:415:in `_run_call_callbacks'
/opt/local/lib/ruby/gems/1.8/gems/actionpack-3.0.5/lib/action_dispatch/middleware/callbacks.rb:44:in `call'
/opt/local/lib/ruby/gems/1.8/gems/rack-1.2.1/lib/rack/sendfile.rb:107:in `call'
/opt/local/lib/ruby/gems/1.8/gems/actionpack-3.0.5/lib/action_dispatch/middleware/remote_ip.rb:48:in `call'
/opt/local/lib/ruby/gems/1.8/gems/actionpack-3.0.5/lib/action_dispatch/middleware/show_exceptions.rb:47:in `call'
/opt/local/lib/ruby/gems/1.8/gems/railties-3.0.5/lib/rails/rack/logger.rb:13:in `call'
/opt/local/lib/ruby/gems/1.8/gems/rack-1.2.1/lib/rack/runtime.rb:17:in `call'
/opt/local/lib/ruby/gems/1.8/gems/activesupport-3.0.5/lib/active_support/cache/strategy/local_cache.rb:72:in `call'
/opt/local/lib/ruby/gems/1.8/gems/rack-1.2.1/lib/rack/lock.rb:11:in `call'
/opt/local/lib/ruby/gems/1.8/gems/rack-1.2.1/lib/rack/lock.rb:11:in `synchronize'
/opt/local/lib/ruby/gems/1.8/gems/rack-1.2.1/lib/rack/lock.rb:11:in `call'
/opt/local/lib/ruby/gems/1.8/gems/actionpack-3.0.5/lib/action_dispatch/middleware/static.rb:30:in `call'
/opt/local/lib/ruby/gems/1.8/gems/railties-3.0.5/lib/rails/application.rb:168:in `call'
/opt/local/lib/ruby/gems/1.8/gems/railties-3.0.5/lib/rails/application.rb:77:in `send'
/opt/local/lib/ruby/gems/1.8/gems/railties-3.0.5/lib/rails/application.rb:77:in `method_missing'
/opt/local/lib/ruby/gems/1.8/gems/railties-3.0.5/lib/rails/rack/log_tailer.rb:14:in `call'
/opt/local/lib/ruby/gems/1.8/gems/rack-1.2.1/lib/rack/content_length.rb:13:in `call'
/opt/local/lib/ruby/gems/1.8/gems/rack-1.2.1/lib/rack/handler/webrick.rb:52:in `service'
/opt/local/lib/ruby/1.8/webrick/httpserver.rb:104:in `service'
/opt/local/lib/ruby/1.8/webrick/httpserver.rb:65:in `run'
/opt/local/lib/ruby/1.8/webrick/server.rb:173:in `start_thread'
/opt/local/lib/ruby/1.8/webrick/server.rb:162:in `start'
/opt/local/lib/ruby/1.8/webrick/server.rb:162:in `start_thread'
/opt/local/lib/ruby/1.8/webrick/server.rb:95:in `start'
/opt/local/lib/ruby/1.8/webrick/server.rb:92:in `each'
/opt/local/lib/ruby/1.8/webrick/server.rb:92:in `start'
/opt/local/lib/ruby/1.8/webrick/server.rb:23:in `start'
/opt/local/lib/ruby/1.8/webrick/server.rb:82:in `start'
/opt/local/lib/ruby/gems/1.8/gems/rack-1.2.1/lib/rack/handler/webrick.rb:13:in `run'
/opt/local/lib/ruby/gems/1.8/gems/rack-1.2.1/lib/rack/server.rb:213:in `start'
/opt/local/lib/ruby/gems/1.8/gems/railties-3.0.5/lib/rails/commands/server.rb:65:in `start'
/opt/local/lib/ruby/gems/1.8/gems/railties-3.0.5/lib/rails/commands.rb:30
/opt/local/lib/ruby/gems/1.8/gems/railties-3.0.5/lib/rails/commands.rb:27:in `tap'
/opt/local/lib/ruby/gems/1.8/gems/railties-3.0.5/lib/rails/commands.rb:27
script/rails:6:in `require'
script/rails:6
Rendered dashboard/index.html.erb within layouts/application (1.0ms)
Completed   in 73ms

ActionView::Template::Error (compile error
/Users/ben/Documents/dev/tempcontrol/tempcontrol-rails/app/views/dashboard/index.html.erb:22: unknown regexp options - dv
/Users/ben/Documents/dev/tempcontrol/tempcontrol-rails/app/views/dashboard/index.html.erb:23: syntax error, unexpected '<'
<div id="stage">
 ^
/Users/ben/Documents/dev/tempcontrol/tempcontrol-rails/app/views/dashboard/index.html.erb:24: syntax error, unexpected tIDENTIFIER, expecting kDO or '{' or '('
Current stage: inactive
             ^
/Users/ben/Documents/dev/tempcontrol/tempcontrol-rails/app/views/dashboard/index.html.erb:26: unknown regexp options - bdy
/Users/ben/Documents/dev/tempcontrol/tempcontrol-rails/app/views/dashboard/index.html.erb:27: unterminated string meets end of file
/Users/ben/Documents/dev/tempcontrol/tempcontrol-rails/app/views/dashboard/index.html.erb:27: syntax error, unexpected $end, expecting ')'):
    19: Last Temp:<br/>
    20: <%= #@last_temperature["probe_3"].value %>
    21: </div>
    22: </div>
    23: <div id="stage">
    24: Current stage: inactive
    25: </div>
  app/views/dashboard/index.html.erb:27:in `compile'

Rendered /opt/local/lib/ruby/gems/1.8/gems/actionpack-3.0.5/lib/action_dispatch/middleware/templates/rescues/_trace.erb (1.1ms)
Rendered /opt/local/lib/ruby/gems/1.8/gems/actionpack-3.0.5/lib/action_dispatch/middleware/templates/rescues/_request_and_response.erb (8.3ms)
Rendered /opt/local/lib/ruby/gems/1.8/gems/actionpack-3.0.5/lib/action_dispatch/middleware/templates/rescues/template_error.erb within rescues/layout (15.0ms)


Started GET "/" for 127.0.0.1 at Mon Jul 04 09:37:08 +1000 2011
  Processing by DashboardController#index as HTML
  [1m[35mTemperatures Load (50.4ms)[0m  SELECT `temperatures`.* FROM `temperatures` WHERE `temperatures`.`probe_name` = 'Probe 1' ORDER BY temperatures.id DESC LIMIT 1
  [1m[36mTemperatures Load (0.4ms)[0m  [1mSELECT `temperatures`.* FROM `temperatures` WHERE `temperatures`.`probe_name` = 'Probe 2' ORDER BY temperatures.id DESC LIMIT 1[0m
  [1m[35mTemperatures Load (4.2ms)[0m  SELECT `temperatures`.* FROM `temperatures` WHERE `temperatures`.`probe_name` = 'Probe 3' ORDER BY temperatures.id DESC LIMIT 1
ERROR: compiling _app_views_dashboard_index_html_erb__2102913081_2182219120_0 RAISED compile error
/Users/ben/Documents/dev/tempcontrol/tempcontrol-rails/app/views/dashboard/index.html.erb:22: unknown regexp options - dv
/Users/ben/Documents/dev/tempcontrol/tempcontrol-rails/app/views/dashboard/index.html.erb:23: syntax error, unexpected '<'
<div id="stage">
 ^
/Users/ben/Documents/dev/tempcontrol/tempcontrol-rails/app/views/dashboard/index.html.erb:24: syntax error, unexpected tIDENTIFIER, expecting kDO or '{' or '('
Current stage: inactive
             ^
/Users/ben/Documents/dev/tempcontrol/tempcontrol-rails/app/views/dashboard/index.html.erb:26: unknown regexp options - bdy
/Users/ben/Documents/dev/tempcontrol/tempcontrol-rails/app/views/dashboard/index.html.erb:27: unterminated string meets end of file
/Users/ben/Documents/dev/tempcontrol/tempcontrol-rails/app/views/dashboard/index.html.erb:27: syntax error, unexpected $end, expecting ')'
Function body:           def _app_views_dashboard_index_html_erb__2102913081_2182219120_0(local_assigns)
            _old_virtual_path, @_virtual_path = @_virtual_path, "dashboard/index";_old_output_buffer = @output_buffer;;@output_buffer = ActionView::OutputBuffer.new;@output_buffer.safe_concat('Hi
<div class="zone" id="hlt">
HLT
<div class="temp" id="temp_probe_1">
Last Temp:<br/>
');@output_buffer.append= ( @last_temperature["probe_1"].value );@output_buffer.safe_concat('
');@output_buffer.safe_concat('</div>
</div>
<div class="zone" id="mashtun">
Mash Tun
<div class="temp" id="temp_probe_2">
Last Temp:<br/>
');@output_buffer.append= ( @last_temperature["probe_2"].value );@output_buffer.safe_concat('
');@output_buffer.safe_concat('</div>
</div>
<div id="ambient">
Ambient<br/>
<div class="temp" id="temp_probe_3">
Last Temp:<br/>
');@output_buffer.append= ( #@last_temperature["probe_3"].value );@output_buffer.safe_concat('
');@output_buffer.safe_concat('</div>
</div>
<div id="stage">
Current stage: inactive
</div>
</body>
');@output_buffer.to_s
          ensure
            @_virtual_path, @output_buffer = _old_virtual_path, _old_output_buffer
          end
Backtrace: /Users/ben/Documents/dev/tempcontrol/tempcontrol-rails/app/views/dashboard/index.html.erb:27:in `compile'
/opt/local/lib/ruby/gems/1.8/gems/actionpack-3.0.5/lib/action_view/template.rb:134:in `render'
/opt/local/lib/ruby/gems/1.8/gems/activesupport-3.0.5/lib/active_support/notifications.rb:54:in `instrument'
/opt/local/lib/ruby/gems/1.8/gems/actionpack-3.0.5/lib/action_view/template.rb:127:in `render'
/opt/local/lib/ruby/gems/1.8/gems/actionpack-3.0.5/lib/action_view/render/rendering.rb:59:in `_render_template'
/opt/local/lib/ruby/gems/1.8/gems/activesupport-3.0.5/lib/active_support/notifications.rb:52:in `instrument'
/opt/local/lib/ruby/gems/1.8/gems/activesupport-3.0.5/lib/active_support/notifications/instrumenter.rb:21:in `instrument'
/opt/local/lib/ruby/gems/1.8/gems/activesupport-3.0.5/lib/active_support/notifications.rb:52:in `instrument'
/opt/local/lib/ruby/gems/1.8/gems/actionpack-3.0.5/lib/action_view/render/rendering.rb:56:in `_render_template'
/opt/local/lib/ruby/gems/1.8/gems/actionpack-3.0.5/lib/action_view/render/rendering.rb:26:in `render'
/opt/local/lib/ruby/gems/1.8/gems/actionpack-3.0.5/lib/abstract_controller/rendering.rb:115:in `_render_template'
/opt/local/lib/ruby/gems/1.8/gems/actionpack-3.0.5/lib/abstract_controller/rendering.rb:109:in `render_to_body'
/opt/local/lib/ruby/gems/1.8/gems/actionpack-3.0.5/lib/action_controller/metal/renderers.rb:47:in `render_to_body'
/opt/local/lib/ruby/gems/1.8/gems/actionpack-3.0.5/lib/action_controller/metal/compatibility.rb:55:in `render_to_body'
/opt/local/lib/ruby/gems/1.8/gems/actionpack-3.0.5/lib/abstract_controller/rendering.rb:102:in `render_to_string'
/opt/local/lib/ruby/gems/1.8/gems/actionpack-3.0.5/lib/abstract_controller/rendering.rb:93:in `render'
/opt/local/lib/ruby/gems/1.8/gems/actionpack-3.0.5/lib/action_controller/metal/rendering.rb:17:in `render'
/opt/local/lib/ruby/gems/1.8/gems/actionpack-3.0.5/lib/action_controller/metal/instrumentation.rb:40:in `render'
/opt/local/lib/ruby/gems/1.8/gems/activesupport-3.0.5/lib/active_support/core_ext/benchmark.rb:5:in `ms'
/opt/local/lib/ruby/1.8/benchmark.rb:308:in `realtime'
/opt/local/lib/ruby/gems/1.8/gems/activesupport-3.0.5/lib/active_support/core_ext/benchmark.rb:5:in `ms'
/opt/local/lib/ruby/gems/1.8/gems/actionpack-3.0.5/lib/action_controller/metal/instrumentation.rb:40:in `render'
/opt/local/lib/ruby/gems/1.8/gems/actionpack-3.0.5/lib/action_controller/metal/instrumentation.rb:78:in `cleanup_view_runtime'
/opt/local/lib/ruby/gems/1.8/gems/activerecord-3.0.5/lib/active_record/railties/controller_runtime.rb:15:in `cleanup_view_runtime'
/opt/local/lib/ruby/gems/1.8/gems/actionpack-3.0.5/lib/action_controller/metal/instrumentation.rb:39:in `render'
/opt/local/lib/ruby/gems/1.8/gems/actionpack-3.0.5/lib/action_controller/metal/implicit_render.rb:10:in `default_render'
/opt/local/lib/ruby/gems/1.8/gems/actionpack-3.0.5/lib/action_controller/metal/implicit_render.rb:5:in `send_action'
/opt/local/lib/ruby/gems/1.8/gems/actionpack-3.0.5/lib/abstract_controller/base.rb:150:in `process_action'
/opt/local/lib/ruby/gems/1.8/gems/actionpack-3.0.5/lib/action_controller/metal/rendering.rb:11:in `process_action'
/opt/local/lib/ruby/gems/1.8/gems/actionpack-3.0.5/lib/abstract_controller/callbacks.rb:18:in `process_action'
/opt/local/lib/ruby/gems/1.8/gems/activesupport-3.0.5/lib/active_support/callbacks.rb:435:in `_run__199081855__process_action__199225275__callbacks'
/opt/local/lib/ruby/gems/1.8/gems/activesupport-3.0.5/lib/active_support/callbacks.rb:409:in `send'
/opt/local/lib/ruby/gems/1.8/gems/activesupport-3.0.5/lib/active_support/callbacks.rb:409:in `_run_process_action_callbacks'
/opt/local/lib/ruby/gems/1.8/gems/activesupport-3.0.5/lib/active_support/callbacks.rb:93:in `send'
/opt/local/lib/ruby/gems/1.8/gems/activesupport-3.0.5/lib/active_support/callbacks.rb:93:in `run_callbacks'
/opt/local/lib/ruby/gems/1.8/gems/actionpack-3.0.5/lib/abstract_controller/callbacks.rb:17:in `process_action'
/opt/local/lib/ruby/gems/1.8/gems/actionpack-3.0.5/lib/action_controller/metal/instrumentation.rb:30:in `process_action'
/opt/local/lib/ruby/gems/1.8/gems/activesupport-3.0.5/lib/active_support/notifications.rb:52:in `instrument'
/opt/local/lib/ruby/gems/1.8/gems/activesupport-3.0.5/lib/active_support/notifications/instrumenter.rb:21:in `instrument'
/opt/local/lib/ruby/gems/1.8/gems/activesupport-3.0.5/lib/active_support/notifications.rb:52:in `instrument'
/opt/local/lib/ruby/gems/1.8/gems/actionpack-3.0.5/lib/action_controller/metal/instrumentation.rb:29:in `process_action'
/opt/local/lib/ruby/gems/1.8/gems/actionpack-3.0.5/lib/action_controller/metal/rescue.rb:17:in `process_action'
/opt/local/lib/ruby/gems/1.8/gems/actionpack-3.0.5/lib/abstract_controller/base.rb:119:in `process'
/opt/local/lib/ruby/gems/1.8/gems/actionpack-3.0.5/lib/abstract_controller/rendering.rb:41:in `process'
/opt/local/lib/ruby/gems/1.8/gems/actionpack-3.0.5/lib/action_controller/metal.rb:138:in `dispatch'
/opt/local/lib/ruby/gems/1.8/gems/actionpack-3.0.5/lib/action_controller/metal/rack_delegation.rb:14:in `dispatch'
/opt/local/lib/ruby/gems/1.8/gems/actionpack-3.0.5/lib/action_controller/metal.rb:178:in `action'
/opt/local/lib/ruby/gems/1.8/gems/actionpack-3.0.5/lib/action_dispatch/routing/route_set.rb:62:in `call'
/opt/local/lib/ruby/gems/1.8/gems/actionpack-3.0.5/lib/action_dispatch/routing/route_set.rb:62:in `dispatch'
/opt/local/lib/ruby/gems/1.8/gems/actionpack-3.0.5/lib/action_dispatch/routing/route_set.rb:27:in `call'
/opt/local/lib/ruby/gems/1.8/gems/rack-mount-0.6.13/lib/rack/mount/route_set.rb:148:in `call'
/opt/local/lib/ruby/gems/1.8/gems/rack-mount-0.6.13/lib/rack/mount/code_generation.rb:93:in `recognize'
/opt/local/lib/ruby/gems/1.8/gems/rack-mount-0.6.13/lib/rack/mount/code_generation.rb:68:in `optimized_each'
/opt/local/lib/ruby/gems/1.8/gems/rack-mount-0.6.13/lib/rack/mount/code_generation.rb:92:in `recognize'
/opt/local/lib/ruby/gems/1.8/gems/rack-mount-0.6.13/lib/rack/mount/route_set.rb:139:in `call'
/opt/local/lib/ruby/gems/1.8/gems/actionpack-3.0.5/lib/action_dispatch/routing/route_set.rb:492:in `call'
/opt/local/lib/ruby/gems/1.8/gems/actionpack-3.0.5/lib/action_dispatch/middleware/best_standards_support.rb:17:in `call'
/opt/local/lib/ruby/gems/1.8/gems/actionpack-3.0.5/lib/action_dispatch/middleware/head.rb:14:in `call'
/opt/local/lib/ruby/gems/1.8/gems/rack-1.2.1/lib/rack/methodoverride.rb:24:in `call'
/opt/local/lib/ruby/gems/1.8/gems/actionpack-3.0.5/lib/action_dispatch/middleware/params_parser.rb:21:in `call'
/opt/local/lib/ruby/gems/1.8/gems/actionpack-3.0.5/lib/action_dispatch/middleware/flash.rb:182:in `call'
/opt/local/lib/ruby/gems/1.8/gems/actionpack-3.0.5/lib/action_dispatch/middleware/session/abstract_store.rb:149:in `call'
/opt/local/lib/ruby/gems/1.8/gems/actionpack-3.0.5/lib/action_dispatch/middleware/cookies.rb:302:in `call'
/opt/local/lib/ruby/gems/1.8/gems/activerecord-3.0.5/lib/active_record/query_cache.rb:32:in `call'
/opt/local/lib/ruby/gems/1.8/gems/activerecord-3.0.5/lib/active_record/connection_adapters/abstract/query_cache.rb:28:in `cache'
/opt/local/lib/ruby/gems/1.8/gems/activerecord-3.0.5/lib/active_record/query_cache.rb:12:in `cache'
/opt/local/lib/ruby/gems/1.8/gems/activerecord-3.0.5/lib/active_record/query_cache.rb:31:in `call'
/opt/local/lib/ruby/gems/1.8/gems/activerecord-3.0.5/lib/active_record/connection_adapters/abstract/connection_pool.rb:354:in `call'
/opt/local/lib/ruby/gems/1.8/gems/actionpack-3.0.5/lib/action_dispatch/middleware/callbacks.rb:46:in `call'
/opt/local/lib/ruby/gems/1.8/gems/activesupport-3.0.5/lib/active_support/callbacks.rb:415:in `_run_call_callbacks'
/opt/local/lib/ruby/gems/1.8/gems/actionpack-3.0.5/lib/action_dispatch/middleware/callbacks.rb:44:in `call'
/opt/local/lib/ruby/gems/1.8/gems/rack-1.2.1/lib/rack/sendfile.rb:107:in `call'
/opt/local/lib/ruby/gems/1.8/gems/actionpack-3.0.5/lib/action_dispatch/middleware/remote_ip.rb:48:in `call'
/opt/local/lib/ruby/gems/1.8/gems/actionpack-3.0.5/lib/action_dispatch/middleware/show_exceptions.rb:47:in `call'
/opt/local/lib/ruby/gems/1.8/gems/railties-3.0.5/lib/rails/rack/logger.rb:13:in `call'
/opt/local/lib/ruby/gems/1.8/gems/rack-1.2.1/lib/rack/runtime.rb:17:in `call'
/opt/local/lib/ruby/gems/1.8/gems/activesupport-3.0.5/lib/active_support/cache/strategy/local_cache.rb:72:in `call'
/opt/local/lib/ruby/gems/1.8/gems/rack-1.2.1/lib/rack/lock.rb:11:in `call'
/opt/local/lib/ruby/gems/1.8/gems/rack-1.2.1/lib/rack/lock.rb:11:in `synchronize'
/opt/local/lib/ruby/gems/1.8/gems/rack-1.2.1/lib/rack/lock.rb:11:in `call'
/opt/local/lib/ruby/gems/1.8/gems/actionpack-3.0.5/lib/action_dispatch/middleware/static.rb:30:in `call'
/opt/local/lib/ruby/gems/1.8/gems/railties-3.0.5/lib/rails/application.rb:168:in `call'
/opt/local/lib/ruby/gems/1.8/gems/railties-3.0.5/lib/rails/application.rb:77:in `send'
/opt/local/lib/ruby/gems/1.8/gems/railties-3.0.5/lib/rails/application.rb:77:in `method_missing'
/opt/local/lib/ruby/gems/1.8/gems/railties-3.0.5/lib/rails/rack/log_tailer.rb:14:in `call'
/opt/local/lib/ruby/gems/1.8/gems/rack-1.2.1/lib/rack/content_length.rb:13:in `call'
/opt/local/lib/ruby/gems/1.8/gems/rack-1.2.1/lib/rack/handler/webrick.rb:52:in `service'
/opt/local/lib/ruby/1.8/webrick/httpserver.rb:104:in `service'
/opt/local/lib/ruby/1.8/webrick/httpserver.rb:65:in `run'
/opt/local/lib/ruby/1.8/webrick/server.rb:173:in `start_thread'
/opt/local/lib/ruby/1.8/webrick/server.rb:162:in `start'
/opt/local/lib/ruby/1.8/webrick/server.rb:162:in `start_thread'
/opt/local/lib/ruby/1.8/webrick/server.rb:95:in `start'
/opt/local/lib/ruby/1.8/webrick/server.rb:92:in `each'
/opt/local/lib/ruby/1.8/webrick/server.rb:92:in `start'
/opt/local/lib/ruby/1.8/webrick/server.rb:23:in `start'
/opt/local/lib/ruby/1.8/webrick/server.rb:82:in `start'
/opt/local/lib/ruby/gems/1.8/gems/rack-1.2.1/lib/rack/handler/webrick.rb:13:in `run'
/opt/local/lib/ruby/gems/1.8/gems/rack-1.2.1/lib/rack/server.rb:213:in `start'
/opt/local/lib/ruby/gems/1.8/gems/railties-3.0.5/lib/rails/commands/server.rb:65:in `start'
/opt/local/lib/ruby/gems/1.8/gems/railties-3.0.5/lib/rails/commands.rb:30
/opt/local/lib/ruby/gems/1.8/gems/railties-3.0.5/lib/rails/commands.rb:27:in `tap'
/opt/local/lib/ruby/gems/1.8/gems/railties-3.0.5/lib/rails/commands.rb:27
script/rails:6:in `require'
script/rails:6
Rendered dashboard/index.html.erb within layouts/application (0.9ms)
Completed   in 72ms

ActionView::Template::Error (compile error
/Users/ben/Documents/dev/tempcontrol/tempcontrol-rails/app/views/dashboard/index.html.erb:22: unknown regexp options - dv
/Users/ben/Documents/dev/tempcontrol/tempcontrol-rails/app/views/dashboard/index.html.erb:23: syntax error, unexpected '<'
<div id="stage">
 ^
/Users/ben/Documents/dev/tempcontrol/tempcontrol-rails/app/views/dashboard/index.html.erb:24: syntax error, unexpected tIDENTIFIER, expecting kDO or '{' or '('
Current stage: inactive
             ^
/Users/ben/Documents/dev/tempcontrol/tempcontrol-rails/app/views/dashboard/index.html.erb:26: unknown regexp options - bdy
/Users/ben/Documents/dev/tempcontrol/tempcontrol-rails/app/views/dashboard/index.html.erb:27: unterminated string meets end of file
/Users/ben/Documents/dev/tempcontrol/tempcontrol-rails/app/views/dashboard/index.html.erb:27: syntax error, unexpected $end, expecting ')'):
    19: Last Temp:<br/>
    20: <%= #@last_temperature["probe_3"].value %>
    21: </div>
    22: </div>
    23: <div id="stage">
    24: Current stage: inactive
    25: </div>
  app/views/dashboard/index.html.erb:27:in `compile'

Rendered /opt/local/lib/ruby/gems/1.8/gems/actionpack-3.0.5/lib/action_dispatch/middleware/templates/rescues/_trace.erb (1.1ms)
Rendered /opt/local/lib/ruby/gems/1.8/gems/actionpack-3.0.5/lib/action_dispatch/middleware/templates/rescues/_request_and_response.erb (8.1ms)
Rendered /opt/local/lib/ruby/gems/1.8/gems/actionpack-3.0.5/lib/action_dispatch/middleware/templates/rescues/template_error.erb within rescues/layout (14.9ms)


Started GET "/" for 127.0.0.1 at Mon Jul 04 09:37:19 +1000 2011
  Processing by DashboardController#index as HTML
  [1m[36mTemperatures Load (49.7ms)[0m  [1mSELECT `temperatures`.* FROM `temperatures` WHERE `temperatures`.`probe_name` = 'Probe 1' ORDER BY temperatures.id DESC LIMIT 1[0m
  [1m[35mTemperatures Load (0.4ms)[0m  SELECT `temperatures`.* FROM `temperatures` WHERE `temperatures`.`probe_name` = 'Probe 2' ORDER BY temperatures.id DESC LIMIT 1
  [1m[36mTemperatures Load (3.8ms)[0m  [1mSELECT `temperatures`.* FROM `temperatures` WHERE `temperatures`.`probe_name` = 'Probe 3' ORDER BY temperatures.id DESC LIMIT 1[0m
Rendered dashboard/index.html.erb within layouts/application (7.4ms)
Completed 200 OK in 77ms (Views: 14.2ms | ActiveRecord: 53.9ms)


Started GET "/" for 127.0.0.1 at Mon Jul 04 09:37:52 +1000 2011
  Processing by DashboardController#index as HTML
  [1m[35mTemperatures Load (49.3ms)[0m  SELECT `temperatures`.* FROM `temperatures` WHERE `temperatures`.`probe_name` = 'Probe 1' ORDER BY temperatures.id DESC LIMIT 1
  [1m[36mTemperatures Load (0.3ms)[0m  [1mSELECT `temperatures`.* FROM `temperatures` WHERE `temperatures`.`probe_name` = 'Probe 2' ORDER BY temperatures.id DESC LIMIT 1[0m
  [1m[35mTemperatures Load (3.8ms)[0m  SELECT `temperatures`.* FROM `temperatures` WHERE `temperatures`.`probe_name` = 'Probe 3' ORDER BY temperatures.id DESC LIMIT 1
Rendered dashboard/index.html.erb within layouts/application (7.1ms)
Completed 200 OK in 77ms (Views: 13.7ms | ActiveRecord: 53.4ms)


Started GET "/" for 127.0.0.1 at Mon Jul 04 09:38:16 +1000 2011
  Processing by DashboardController#index as HTML
  [1m[36mTemperatures Load (51.5ms)[0m  [1mSELECT `temperatures`.* FROM `temperatures` WHERE `temperatures`.`probe_name` = 'Probe 1' ORDER BY temperatures.id DESC LIMIT 1[0m
  [1m[35mTemperatures Load (0.4ms)[0m  SELECT `temperatures`.* FROM `temperatures` WHERE `temperatures`.`probe_name` = 'Probe 2' ORDER BY temperatures.id DESC LIMIT 1
  [1m[36mTemperatures Load (4.6ms)[0m  [1mSELECT `temperatures`.* FROM `temperatures` WHERE `temperatures`.`probe_name` = 'Probe 3' ORDER BY temperatures.id DESC LIMIT 1[0m
Rendered dashboard/index.html.erb within layouts/application (7.2ms)
Completed 200 OK in 80ms (Views: 13.5ms | ActiveRecord: 56.6ms)


Started GET "/" for 127.0.0.1 at Mon Jul 04 09:39:37 +1000 2011
  Processing by DashboardController#index as HTML
  [1m[35mTemperatures Load (45.6ms)[0m  SELECT `temperatures`.* FROM `temperatures` WHERE `temperatures`.`probe_name` = 'Probe 1' ORDER BY temperatures.id DESC LIMIT 1
  [1m[36mTemperatures Load (0.5ms)[0m  [1mSELECT `temperatures`.* FROM `temperatures` WHERE `temperatures`.`probe_name` = 'Probe 2' ORDER BY temperatures.id DESC LIMIT 1[0m
  [1m[35mTemperatures Load (4.4ms)[0m  SELECT `temperatures`.* FROM `temperatures` WHERE `temperatures`.`probe_name` = 'Probe 3' ORDER BY temperatures.id DESC LIMIT 1
Rendered dashboard/index.html.erb within layouts/application (6.8ms)
Completed 200 OK in 74ms (Views: 13.5ms | ActiveRecord: 50.4ms)


Started GET "/" for 127.0.0.1 at Mon Jul 04 09:39:49 +1000 2011
  Processing by DashboardController#index as HTML
  [1m[36mTemperatures Load (43.9ms)[0m  [1mSELECT `temperatures`.* FROM `temperatures` WHERE `temperatures`.`probe_name` = 'Probe 1' ORDER BY temperatures.id DESC LIMIT 1[0m
  [1m[35mTemperatures Load (0.5ms)[0m  SELECT `temperatures`.* FROM `temperatures` WHERE `temperatures`.`probe_name` = 'Probe 2' ORDER BY temperatures.id DESC LIMIT 1
  [1m[36mTemperatures Load (4.2ms)[0m  [1mSELECT `temperatures`.* FROM `temperatures` WHERE `temperatures`.`probe_name` = 'Probe 3' ORDER BY temperatures.id DESC LIMIT 1[0m
Rendered dashboard/index.html.erb within layouts/application (8.1ms)
Completed 200 OK in 80ms (Views: 18.1ms | ActiveRecord: 48.6ms)


Started GET "/" for 127.0.0.1 at Mon Jul 04 09:39:58 +1000 2011
  Processing by DashboardController#index as HTML
  [1m[35mTemperatures Load (50.1ms)[0m  SELECT `temperatures`.* FROM `temperatures` WHERE `temperatures`.`probe_name` = 'Probe 1' ORDER BY temperatures.id DESC LIMIT 1
  [1m[36mTemperatures Load (0.5ms)[0m  [1mSELECT `temperatures`.* FROM `temperatures` WHERE `temperatures`.`probe_name` = 'Probe 2' ORDER BY temperatures.id DESC LIMIT 1[0m
  [1m[35mTemperatures Load (4.1ms)[0m  SELECT `temperatures`.* FROM `temperatures` WHERE `temperatures`.`probe_name` = 'Probe 3' ORDER BY temperatures.id DESC LIMIT 1
Rendered dashboard/index.html.erb within layouts/application (9.0ms)
Completed 200 OK in 84ms (Views: 19.2ms | ActiveRecord: 54.7ms)


Started GET "/" for 127.0.0.1 at Mon Jul 04 09:40:41 +1000 2011
  Processing by DashboardController#index as HTML
  [1m[36mTemperatures Load (43.4ms)[0m  [1mSELECT `temperatures`.* FROM `temperatures` WHERE `temperatures`.`probe_name` = 'Probe 1' ORDER BY temperatures.id DESC LIMIT 1[0m
  [1m[35mTemperatures Load (0.4ms)[0m  SELECT `temperatures`.* FROM `temperatures` WHERE `temperatures`.`probe_name` = 'Probe 2' ORDER BY temperatures.id DESC LIMIT 1
  [1m[36mTemperatures Load (3.8ms)[0m  [1mSELECT `temperatures`.* FROM `temperatures` WHERE `temperatures`.`probe_name` = 'Probe 3' ORDER BY temperatures.id DESC LIMIT 1[0m
Rendered dashboard/index.html.erb within layouts/application (7.3ms)
Completed 200 OK in 70ms (Views: 13.7ms | ActiveRecord: 47.6ms)


Started GET "/" for 127.0.0.1 at Mon Jul 04 09:41:39 +1000 2011
  Processing by DashboardController#index as HTML
  [1m[35mTemperatures Load (45.8ms)[0m  SELECT `temperatures`.* FROM `temperatures` WHERE `temperatures`.`probe_name` = 'Probe 1' ORDER BY temperatures.id DESC LIMIT 1
  [1m[36mTemperatures Load (0.4ms)[0m  [1mSELECT `temperatures`.* FROM `temperatures` WHERE `temperatures`.`probe_name` = 'Probe 2' ORDER BY temperatures.id DESC LIMIT 1[0m
  [1m[35mTemperatures Load (3.8ms)[0m  SELECT `temperatures`.* FROM `temperatures` WHERE `temperatures`.`probe_name` = 'Probe 3' ORDER BY temperatures.id DESC LIMIT 1
Rendered dashboard/index.html.erb within layouts/application (6.8ms)
Completed 200 OK in 133ms (Views: 13.2ms | ActiveRecord: 50.0ms)


Started GET "/" for 127.0.0.1 at Mon Jul 04 10:04:42 +1000 2011
  Processing by DashboardController#index as HTML
  [1m[36mTemperatures Load (0.7ms)[0m  [1mSELECT `temperatures`.* FROM `temperatures` WHERE `temperatures`.`probe_name` = 'Probe 1' ORDER BY temperatures.id DESC LIMIT 1[0m
  [1m[35mTemperatures Load (0.5ms)[0m  SELECT `temperatures`.* FROM `temperatures` WHERE `temperatures`.`probe_name` = 'Probe 2' ORDER BY temperatures.id DESC LIMIT 1
  [1m[36mTemperatures Load (4.4ms)[0m  [1mSELECT `temperatures`.* FROM `temperatures` WHERE `temperatures`.`probe_name` = 'Probe 3' ORDER BY temperatures.id DESC LIMIT 1[0m
Rendered dashboard/index.html.erb within layouts/application (607.5ms)
Completed 200 OK in 2632ms (Views: 1024.0ms | ActiveRecord: 5.7ms)


Started GET "/" for 127.0.0.1 at Mon Jul 04 10:05:32 +1000 2011
  Processing by DashboardController#index as HTML
  [1m[35mTemperatures Load (77.7ms)[0m  SELECT `temperatures`.* FROM `temperatures` WHERE `temperatures`.`probe_name` = 'Probe 1' ORDER BY temperatures.id DESC LIMIT 1
  [1m[36mTemperatures Load (0.5ms)[0m  [1mSELECT `temperatures`.* FROM `temperatures` WHERE `temperatures`.`probe_name` = 'Probe 2' ORDER BY temperatures.id DESC LIMIT 1[0m
  [1m[35mTemperatures Load (11.6ms)[0m  SELECT `temperatures`.* FROM `temperatures` WHERE `temperatures`.`probe_name` = 'Probe 3' ORDER BY temperatures.id DESC LIMIT 1
Rendered dashboard/index.html.erb within layouts/application (17190.8ms)
Completed 200 OK in 18286ms (Views: 17571.1ms | ActiveRecord: 89.8ms)


Started GET "/" for 127.0.0.1 at Mon Jul 04 10:05:51 +1000 2011
  Processing by DashboardController#index as HTML
  [1m[36mTemperatures Load (38.9ms)[0m  [1mSELECT `temperatures`.* FROM `temperatures` WHERE `temperatures`.`probe_name` = 'Probe 1' ORDER BY temperatures.id DESC LIMIT 1[0m
  [1m[35mTemperatures Load (0.5ms)[0m  SELECT `temperatures`.* FROM `temperatures` WHERE `temperatures`.`probe_name` = 'Probe 2' ORDER BY temperatures.id DESC LIMIT 1
  [1m[36mTemperatures Load (3.8ms)[0m  [1mSELECT `temperatures`.* FROM `temperatures` WHERE `temperatures`.`probe_name` = 'Probe 3' ORDER BY temperatures.id DESC LIMIT 1[0m
Rendered dashboard/index.html.erb within layouts/application (30.8ms)
Completed 200 OK in 147ms (Views: 37.6ms | ActiveRecord: 43.1ms)


Started GET "/" for 127.0.0.1 at Mon Jul 04 10:06:18 +1000 2011
  Processing by DashboardController#index as HTML
  [1m[35mTemperatures Load (12.6ms)[0m  SELECT `temperatures`.* FROM `temperatures` WHERE `temperatures`.`probe_name` = 'Probe 1' ORDER BY temperatures.id DESC LIMIT 1
  [1m[36mTemperatures Load (5.5ms)[0m  [1mSELECT `temperatures`.* FROM `temperatures` WHERE `temperatures`.`probe_name` = 'Probe 2' ORDER BY temperatures.id DESC LIMIT 1[0m
  [1m[35mTemperatures Load (4.3ms)[0m  SELECT `temperatures`.* FROM `temperatures` WHERE `temperatures`.`probe_name` = 'Probe 3' ORDER BY temperatures.id DESC LIMIT 1
Rendered dashboard/index.html.erb within layouts/application (7.2ms)
Completed 200 OK in 55ms (Views: 14.2ms | ActiveRecord: 22.5ms)


Started GET "/" for 127.0.0.1 at Mon Jul 04 10:06:23 +1000 2011
  Processing by DashboardController#index as HTML
  [1m[36mTemperatures Load (0.8ms)[0m  [1mSELECT `temperatures`.* FROM `temperatures` WHERE `temperatures`.`probe_name` = 'Probe 1' ORDER BY temperatures.id DESC LIMIT 1[0m
  [1m[35mTemperatures Load (0.4ms)[0m  SELECT `temperatures`.* FROM `temperatures` WHERE `temperatures`.`probe_name` = 'Probe 2' ORDER BY temperatures.id DESC LIMIT 1
  [1m[36mTemperatures Load (6.4ms)[0m  [1mSELECT `temperatures`.* FROM `temperatures` WHERE `temperatures`.`probe_name` = 'Probe 3' ORDER BY temperatures.id DESC LIMIT 1[0m
Rendered dashboard/index.html.erb within layouts/application (8.9ms)
Completed 200 OK in 46ms (Views: 15.9ms | ActiveRecord: 7.6ms)


Started GET "/" for 127.0.0.1 at Mon Jul 04 10:06:28 +1000 2011
  Processing by DashboardController#index as HTML
  [1m[35mTemperatures Load (112.2ms)[0m  SELECT `temperatures`.* FROM `temperatures` WHERE `temperatures`.`probe_name` = 'Probe 1' ORDER BY temperatures.id DESC LIMIT 1
  [1m[36mTemperatures Load (6.6ms)[0m  [1mSELECT `temperatures`.* FROM `temperatures` WHERE `temperatures`.`probe_name` = 'Probe 2' ORDER BY temperatures.id DESC LIMIT 1[0m
  [1m[35mTemperatures Load (6.6ms)[0m  SELECT `temperatures`.* FROM `temperatures` WHERE `temperatures`.`probe_name` = 'Probe 3' ORDER BY temperatures.id DESC LIMIT 1
Rendered dashboard/index.html.erb within layouts/application (55.7ms)
Completed 200 OK in 251ms (Views: 63.1ms | ActiveRecord: 125.4ms)


Started GET "/" for 127.0.0.1 at Mon Jul 04 10:06:32 +1000 2011
  Processing by DashboardController#index as HTML
  [1m[36mTemperatures Load (6.2ms)[0m  [1mSELECT `temperatures`.* FROM `temperatures` WHERE `temperatures`.`probe_name` = 'Probe 1' ORDER BY temperatures.id DESC LIMIT 1[0m
  [1m[35mTemperatures Load (25.8ms)[0m  SELECT `temperatures`.* FROM `temperatures` WHERE `temperatures`.`probe_name` = 'Probe 2' ORDER BY temperatures.id DESC LIMIT 1
  [1m[36mTemperatures Load (14.4ms)[0m  [1mSELECT `temperatures`.* FROM `temperatures` WHERE `temperatures`.`probe_name` = 'Probe 3' ORDER BY temperatures.id DESC LIMIT 1[0m
Rendered dashboard/index.html.erb within layouts/application (29.3ms)
Completed 200 OK in 228ms (Views: 110.9ms | ActiveRecord: 46.5ms)


Started GET "/" for 127.0.0.1 at Mon Jul 04 10:08:12 +1000 2011
  Processing by DashboardController#index as HTML
Completed   in 0ms

NoMethodError (undefined method `get_probe_temps' for DashboardHelper:Module):
  app/controllers/dashboard_controller.rb:3:in `index'

Rendered /opt/local/lib/ruby/gems/1.8/gems/actionpack-3.0.5/lib/action_dispatch/middleware/templates/rescues/_trace.erb (1.5ms)
Rendered /opt/local/lib/ruby/gems/1.8/gems/actionpack-3.0.5/lib/action_dispatch/middleware/templates/rescues/_request_and_response.erb (6.2ms)
Rendered /opt/local/lib/ruby/gems/1.8/gems/actionpack-3.0.5/lib/action_dispatch/middleware/templates/rescues/diagnostics.erb within rescues/layout (20.8ms)


Started GET "/" for 127.0.0.1 at Mon Jul 04 10:08:24 +1000 2011
  Processing by DashboardController#index as HTML
Completed   in 2ms

NameError (undefined local variable or method `get_probe_temps' for #<DashboardController:0x1042021a0>):
  app/controllers/dashboard_controller.rb:3:in `index'

Rendered /opt/local/lib/ruby/gems/1.8/gems/actionpack-3.0.5/lib/action_dispatch/middleware/templates/rescues/_trace.erb (1.2ms)
Rendered /opt/local/lib/ruby/gems/1.8/gems/actionpack-3.0.5/lib/action_dispatch/middleware/templates/rescues/_request_and_response.erb (4.6ms)
Rendered /opt/local/lib/ruby/gems/1.8/gems/actionpack-3.0.5/lib/action_dispatch/middleware/templates/rescues/diagnostics.erb within rescues/layout (46.5ms)


Started GET "/" for 127.0.0.1 at Mon Jul 04 10:08:29 +1000 2011
  Processing by DashboardController#index as HTML
Completed   in 1ms

NameError (undefined local variable or method `get_probe_temps' for #<DashboardController:0x10401d4c0>):
  app/controllers/dashboard_controller.rb:3:in `index'

Rendered /opt/local/lib/ruby/gems/1.8/gems/actionpack-3.0.5/lib/action_dispatch/middleware/templates/rescues/_trace.erb (1.2ms)
Rendered /opt/local/lib/ruby/gems/1.8/gems/actionpack-3.0.5/lib/action_dispatch/middleware/templates/rescues/_request_and_response.erb (6.0ms)
Rendered /opt/local/lib/ruby/gems/1.8/gems/actionpack-3.0.5/lib/action_dispatch/middleware/templates/rescues/diagnostics.erb within rescues/layout (108.0ms)


Started GET "/" for 127.0.0.1 at Mon Jul 04 10:10:25 +1000 2011
  Processing by DashboardController#index as HTML
Completed   in 1ms

NameError (undefined local variable or method `get_probe_temps' for #<DashboardController:0x10443f5a8>):
  app/controllers/dashboard_controller.rb:3:in `index'

Rendered /opt/local/lib/ruby/gems/1.8/gems/actionpack-3.0.5/lib/action_dispatch/middleware/templates/rescues/_trace.erb (1.2ms)
Rendered /opt/local/lib/ruby/gems/1.8/gems/actionpack-3.0.5/lib/action_dispatch/middleware/templates/rescues/_request_and_response.erb (4.8ms)
Rendered /opt/local/lib/ruby/gems/1.8/gems/actionpack-3.0.5/lib/action_dispatch/middleware/templates/rescues/diagnostics.erb within rescues/layout (12.0ms)


Started GET "/" for 127.0.0.1 at Mon Jul 04 10:12:07 +1000 2011
  Processing by DashboardController#index as HTML
  [1m[35mSQL (18.8ms)[0m  SHOW TABLES
Completed   in 32ms

NoMethodError (undefined method `get_last_probe_temps' for #<Class:0x104248b00>):
  app/controllers/dashboard_controller.rb:3:in `index'

Rendered /opt/local/lib/ruby/gems/1.8/gems/actionpack-3.0.5/lib/action_dispatch/middleware/templates/rescues/_trace.erb (1.5ms)
Rendered /opt/local/lib/ruby/gems/1.8/gems/actionpack-3.0.5/lib/action_dispatch/middleware/templates/rescues/_request_and_response.erb (54.7ms)
Rendered /opt/local/lib/ruby/gems/1.8/gems/actionpack-3.0.5/lib/action_dispatch/middleware/templates/rescues/diagnostics.erb within rescues/layout (62.9ms)


Started GET "/" for 127.0.0.1 at Mon Jul 04 10:12:31 +1000 2011
  Processing by DashboardController#index as HTML
  [1m[36mSQL (2.1ms)[0m  [1mSHOW TABLES[0m
Completed   in 13ms

NoMethodError (undefined method `get_last_probe_temps' for #<Class:0x104041938>):
  app/controllers/dashboard_controller.rb:3:in `index'

Rendered /opt/local/lib/ruby/gems/1.8/gems/actionpack-3.0.5/lib/action_dispatch/middleware/templates/rescues/_trace.erb (1.2ms)
Rendered /opt/local/lib/ruby/gems/1.8/gems/actionpack-3.0.5/lib/action_dispatch/middleware/templates/rescues/_request_and_response.erb (4.8ms)
Rendered /opt/local/lib/ruby/gems/1.8/gems/actionpack-3.0.5/lib/action_dispatch/middleware/templates/rescues/diagnostics.erb within rescues/layout (14.9ms)


Started GET "/" for 127.0.0.1 at Mon Jul 04 10:13:05 +1000 2011
  Processing by DashboardController#index as HTML
  [1m[35mSQL (0.5ms)[0m  SHOW TABLES
Completed   in 10ms

NoMethodError (undefined method `last_probe_temps' for #<Class:0x10447bd28>):
  app/controllers/dashboard_controller.rb:3:in `index'

Rendered /opt/local/lib/ruby/gems/1.8/gems/actionpack-3.0.5/lib/action_dispatch/middleware/templates/rescues/_trace.erb (1.2ms)
Rendered /opt/local/lib/ruby/gems/1.8/gems/actionpack-3.0.5/lib/action_dispatch/middleware/templates/rescues/_request_and_response.erb (4.9ms)
Rendered /opt/local/lib/ruby/gems/1.8/gems/actionpack-3.0.5/lib/action_dispatch/middleware/templates/rescues/diagnostics.erb within rescues/layout (11.8ms)


Started GET "/" for 127.0.0.1 at Mon Jul 04 10:15:45 +1000 2011
  Processing by DashboardController#index as HTML
  [1m[36mSQL (44.6ms)[0m  [1mSHOW TABLES[0m
Completed   in 166ms

NoMethodError (undefined method `last_probe_temps' for #<Class:0x10429d150>):
  app/controllers/dashboard_controller.rb:3:in `index'

Rendered /opt/local/lib/ruby/gems/1.8/gems/actionpack-3.0.5/lib/action_dispatch/middleware/templates/rescues/_trace.erb (1.6ms)
Rendered /opt/local/lib/ruby/gems/1.8/gems/actionpack-3.0.5/lib/action_dispatch/middleware/templates/rescues/_request_and_response.erb (5.4ms)
Rendered /opt/local/lib/ruby/gems/1.8/gems/actionpack-3.0.5/lib/action_dispatch/middleware/templates/rescues/diagnostics.erb within rescues/layout (13.9ms)


Started GET "/" for 127.0.0.1 at Mon Jul 04 10:16:03 +1000 2011
  Processing by DashboardController#index as HTML
  [1m[35mSQL (0.5ms)[0m  SHOW TABLES
Completed   in 135ms

NoMethodError (undefined method `last_probe_temps' for #<Class:0x1040dde50>):
  app/controllers/dashboard_controller.rb:4:in `index'

Rendered /opt/local/lib/ruby/gems/1.8/gems/actionpack-3.0.5/lib/action_dispatch/middleware/templates/rescues/_trace.erb (1.3ms)
Rendered /opt/local/lib/ruby/gems/1.8/gems/actionpack-3.0.5/lib/action_dispatch/middleware/templates/rescues/_request_and_response.erb (6.0ms)
Rendered /opt/local/lib/ruby/gems/1.8/gems/actionpack-3.0.5/lib/action_dispatch/middleware/templates/rescues/diagnostics.erb within rescues/layout (14.1ms)


Started GET "/" for 127.0.0.1 at Mon Jul 04 10:17:01 +1000 2011
  Processing by DashboardController#index as HTML
  [1m[36mTemperatures Load (15.9ms)[0m  [1mSELECT `temperatures`.* FROM `temperatures` WHERE `temperatures`.`probe_name` = 'Probe 1' ORDER BY temperatures.id DESC LIMIT 1[0m
  [1m[35mTemperatures Load (3.6ms)[0m  SELECT `temperatures`.* FROM `temperatures` WHERE `temperatures`.`probe_name` = 'Probe 2' ORDER BY temperatures.id DESC LIMIT 1
  [1m[36mTemperatures Load (7.8ms)[0m  [1mSELECT `temperatures`.* FROM `temperatures` WHERE `temperatures`.`probe_name` = 'Probe 3' ORDER BY temperatures.id DESC LIMIT 1[0m
Rendered dashboard/index.html.erb within layouts/application (17.7ms)
Completed 200 OK in 213ms (Views: 70.5ms | ActiveRecord: 27.3ms)


Started GET "/" for 127.0.0.1 at Mon Jul 04 10:17:40 +1000 2011
  Processing by DashboardController#index as HTML
  [1m[35mTemperatures Load (2.7ms)[0m  SELECT `temperatures`.* FROM `temperatures` WHERE `temperatures`.`probe_name` = 'Probe 1' ORDER BY temperatures.id DESC LIMIT 1
  [1m[36mTemperatures Load (1.6ms)[0m  [1mSELECT `temperatures`.* FROM `temperatures` WHERE `temperatures`.`probe_name` = 'Probe 2' ORDER BY temperatures.id DESC LIMIT 1[0m
  [1m[35mTemperatures Load (5.0ms)[0m  SELECT `temperatures`.* FROM `temperatures` WHERE `temperatures`.`probe_name` = 'Probe 3' ORDER BY temperatures.id DESC LIMIT 1
Rendered dashboard/index.html.erb within layouts/application (7.1ms)
Completed 200 OK in 63ms (Views: 25.5ms | ActiveRecord: 9.3ms)
